{"D:\\React_DevFolder\\simple-react-lib\\src\\LoginForm.tsx": {"path":"D:\\React_DevFolder\\simple-react-lib\\src\\LoginForm.tsx","statementMap":{"0":{"start":{"line":1,"column":0},"end":{"line":1,"column":26}},"1":{"start":{"line":11,"column":18},"end":{"line":63,"column":1}},"2":{"start":{"line":12,"column":34},"end":{"line":12,"column":52}},"3":{"start":{"line":12,"column":17},"end":{"line":12,"column":19}},"4":{"start":{"line":12,"column":30},"end":{"line":12,"column":34}},"5":{"start":{"line":13,"column":34},"end":{"line":13,"column":52}},"6":{"start":{"line":13,"column":17},"end":{"line":13,"column":19}},"7":{"start":{"line":13,"column":30},"end":{"line":13,"column":34}},"8":{"start":{"line":14,"column":34},"end":{"line":14,"column":70}},"9":{"start":{"line":14,"column":17},"end":{"line":14,"column":19}},"10":{"start":{"line":14,"column":30},"end":{"line":14,"column":34}},"11":{"start":{"line":16,"column":31},"end":{"line":20,"column":3}},"12":{"start":{"line":17,"column":22},"end":{"line":17,"column":31}},"13":{"start":{"line":18,"column":4},"end":{"line":18,"column":23}},"14":{"start":{"line":19,"column":4},"end":{"line":19,"column":34}},"15":{"start":{"line":22,"column":31},"end":{"line":26,"column":3}},"16":{"start":{"line":23,"column":22},"end":{"line":23,"column":31}},"17":{"start":{"line":24,"column":4},"end":{"line":24,"column":23}},"18":{"start":{"line":25,"column":4},"end":{"line":25,"column":34}},"19":{"start":{"line":28,"column":31},"end":{"line":32,"column":3}},"20":{"start":{"line":29,"column":24},"end":{"line":29,"column":33}},"21":{"start":{"line":30,"column":4},"end":{"line":30,"column":25}},"22":{"start":{"line":31,"column":4},"end":{"line":31,"column":36}},"23":{"start":{"line":34,"column":23},"end":{"line":37,"column":3}},"24":{"start":{"line":35,"column":4},"end":{"line":35,"column":23}},"25":{"start":{"line":36,"column":4},"end":{"line":36,"column":49}},"26":{"start":{"line":39,"column":2},"end":{"line":62,"column":4}},"27":{"start":{"line":65,"column":0},"end":{"line":65,"column":25}}},"fnMap":{"0":{"name":"(anonymous_1)","decl":{"start":{"line":11,"column":18},"end":{"line":11,"column":19}},"loc":{"start":{"line":11,"column":31},"end":{"line":63,"column":1}}},"1":{"name":"(anonymous_2)","decl":{"start":{"line":16,"column":31},"end":{"line":16,"column":32}},"loc":{"start":{"line":16,"column":70},"end":{"line":20,"column":3}}},"2":{"name":"(anonymous_3)","decl":{"start":{"line":22,"column":31},"end":{"line":22,"column":32}},"loc":{"start":{"line":22,"column":70},"end":{"line":26,"column":3}}},"3":{"name":"(anonymous_4)","decl":{"start":{"line":28,"column":31},"end":{"line":28,"column":32}},"loc":{"start":{"line":28,"column":70},"end":{"line":32,"column":3}}},"4":{"name":"(anonymous_5)","decl":{"start":{"line":34,"column":23},"end":{"line":34,"column":24}},"loc":{"start":{"line":34,"column":42},"end":{"line":37,"column":3}}}},"branchMap":{},"s":{"0":1,"1":1,"2":12,"3":12,"4":12,"5":12,"6":12,"7":12,"8":12,"9":12,"10":12,"11":12,"12":2,"13":2,"14":2,"15":12,"16":2,"17":2,"18":2,"19":12,"20":3,"21":3,"22":3,"23":12,"24":1,"25":1,"26":12,"27":1},"f":{"0":12,"1":2,"2":2,"3":3,"4":1},"b":{}}
}
